c:\users\13922\desktop\我的资料\毕设\并发内存池项目\完整项目\project\工程项目代码\concurrentmemorypool\concurrentmemorypool\debug\vc120.pdb
c:\users\13922\desktop\我的资料\毕设\并发内存池项目\完整项目\project\工程项目代码\concurrentmemorypool\concurrentmemorypool\debug\vc120.idb
c:\users\13922\desktop\我的资料\毕设\并发内存池项目\完整项目\project\工程项目代码\concurrentmemorypool\concurrentmemorypool\debug\benchmark.obj
c:\users\13922\desktop\我的资料\毕设\并发内存池项目\完整项目\project\工程项目代码\concurrentmemorypool\concurrentmemorypool\debug\centralcache.obj
c:\users\13922\desktop\我的资料\毕设\并发内存池项目\完整项目\project\工程项目代码\concurrentmemorypool\concurrentmemorypool\debug\pagecache.obj
c:\users\13922\desktop\我的资料\毕设\并发内存池项目\完整项目\project\工程项目代码\concurrentmemorypool\concurrentmemorypool\debug\unittest.obj
c:\users\13922\desktop\我的资料\毕设\并发内存池项目\完整项目\project\工程项目代码\concurrentmemorypool\concurrentmemorypool\debug\threadcache.obj
c:\users\13922\desktop\我的资料\毕设\并发内存池项目\完整项目\project\工程项目代码\concurrentmemorypool\debug\concurrentmemorypool.exe
c:\users\13922\desktop\我的资料\毕设\并发内存池项目\完整项目\project\工程项目代码\concurrentmemorypool\debug\concurrentmemorypool.pdb
c:\users\13922\desktop\我的资料\毕设\并发内存池项目\完整项目\project\工程项目代码\concurrentmemorypool (2)\concurrentmemorypool\debug\benchmark.obj
c:\users\13922\desktop\我的资料\毕设\并发内存池项目\完整项目\project\工程项目代码\concurrentmemorypool (2)\concurrentmemorypool\debug\centralcache.obj
c:\users\13922\desktop\我的资料\毕设\并发内存池项目\完整项目\project\工程项目代码\concurrentmemorypool (2)\concurrentmemorypool\debug\pagecache.obj
c:\users\13922\desktop\我的资料\毕设\并发内存池项目\完整项目\project\工程项目代码\concurrentmemorypool (2)\concurrentmemorypool\debug\threadcache.obj
c:\users\13922\desktop\我的资料\毕设\并发内存池项目\完整项目\project\工程项目代码\concurrentmemorypool (2)\concurrentmemorypool\debug\unittest.obj
c:\users\13922\desktop\我的资料\毕设\并发内存池项目\完整项目\project\工程项目代码\concurrentmemorypool (2)\concurrentmemorypool\debug\vc120.idb
c:\users\13922\desktop\我的资料\毕设\并发内存池项目\完整项目\project\工程项目代码\concurrentmemorypool (2)\concurrentmemorypool\debug\vc120.pdb
c:\users\13922\desktop\我的资料\毕设\并发内存池项目\完整项目\project\工程项目代码\concurrentmemorypool (2)\debug\concurrentmemorypool.pdb
c:\users\13922\desktop\我的资料\毕设\并发内存池项目\完整项目\project\工程项目代码\concurrentmemorypool (2)\debug\concurrentmemorypool.exe
c:\users\13922\desktop\我的资料\毕设\并发内存池项目\完整项目\project\工程项目代码\concurrentmemorypool (2)\concurrentmemorypool\debug\concurre.af8b9f16.tlog\cl.command.1.tlog
c:\users\13922\desktop\我的资料\毕设\并发内存池项目\完整项目\project\工程项目代码\concurrentmemorypool (2)\concurrentmemorypool\debug\concurre.af8b9f16.tlog\cl.read.1.tlog
c:\users\13922\desktop\我的资料\毕设\并发内存池项目\完整项目\project\工程项目代码\concurrentmemorypool (2)\concurrentmemorypool\debug\concurre.af8b9f16.tlog\cl.write.1.tlog
c:\users\13922\desktop\我的资料\毕设\并发内存池项目\完整项目\project\工程项目代码\concurrentmemorypool (2)\concurrentmemorypool\debug\concurre.af8b9f16.tlog\link.command.1.tlog
c:\users\13922\desktop\我的资料\毕设\并发内存池项目\完整项目\project\工程项目代码\concurrentmemorypool (2)\concurrentmemorypool\debug\concurre.af8b9f16.tlog\link.read.1.tlog
c:\users\13922\desktop\我的资料\毕设\并发内存池项目\完整项目\project\工程项目代码\concurrentmemorypool (2)\concurrentmemorypool\debug\concurre.af8b9f16.tlog\link.write.1.tlog
